[0331/215616:ERROR:process_info.cc(608)] range at 0xff1ca000, size 0x230 fully unreadable
[0331/215616:ERROR:process_info.cc(608)] range at 0xff1cf000, size 0xf84 fully unreadable
[0331/215616:ERROR:process_info.cc(608)] range at 0xff1c9000, size 0xf84 fully unreadable
[0331/215616:ERROR:process_info.cc(608)] range at 0xff09f000, size 0xf84 fully unreadable
[0331/215616:ERROR:process_info.cc(608)] range at 0xff09c000, size 0xf84 fully unreadable
[0331/215616:ERROR:process_info.cc(608)] range at 0xff099000, size 0xf84 fully unreadable
[0331/215616:ERROR:process_info.cc(608)] range at 0xff096000, size 0xf84 fully unreadable
[0331/215616:ERROR:process_info.cc(608)] range at 0xff093000, size 0xf84 fully unreadable
[0331/215616:ERROR:process_info.cc(608)] range at 0xff08f000, size 0xf84 fully unreadable
[0331/215616:ERROR:process_info.cc(608)] range at 0xff08c000, size 0xf84 fully unreadable
[0331/215616:ERROR:process_info.cc(608)] range at 0xff089000, size 0xf84 fully unreadable
[0331/215616:ERROR:process_info.cc(608)] range at 0xff083000, size 0xf84 fully unreadable
[0331/215616:ERROR:process_info.cc(608)] range at 0xff086000, size 0xf84 fully unreadable
[0331/215616:ERROR:process_info.cc(608)] range at 0xff054000, size 0x230 fully unreadable
[0331/215616:ERROR:process_info.cc(608)] range at 0xff05e000, size 0xf84 fully unreadable
[0331/215616:ERROR:process_info.cc(608)] range at 0xff05b000, size 0xf84 fully unreadable
[0331/215616:ERROR:process_info.cc(608)] range at 0xff058000, size 0xf84 fully unreadable
[0331/215616:ERROR:process_info.cc(608)] range at 0xfef2f000, size 0xf84 fully unreadable
[0331/215616:ERROR:process_info.cc(608)] range at 0xfef2c000, size 0xf84 fully unreadable
[0331/215616:ERROR:process_info.cc(608)] range at 0xfef29000, size 0xf84 fully unreadable
[0331/215616:ERROR:process_info.cc(608)] range at 0xfef26000, size 0xf84 fully unreadable
[0331/215616:ERROR:process_info.cc(608)] range at 0xfef23000, size 0xf84 fully unreadable
[0331/215616:ERROR:process_info.cc(608)] range at 0xfef1f000, size 0xf84 fully unreadable
[0331/215616:ERROR:process_info.cc(608)] range at 0xfef1c000, size 0xf84 fully unreadable
[0331/215616:ERROR:process_info.cc(608)] range at 0xfef13000, size 0xf84 fully unreadable
[0331/215616:ERROR:process_info.cc(608)] range at 0xff07a000, size 0x230 fully unreadable
[0331/215616:ERROR:process_info.cc(608)] range at 0xff07f000, size 0xf84 fully unreadable
[0331/215616:ERROR:process_info.cc(608)] range at 0xff079000, size 0xf84 fully unreadable
[0331/215616:ERROR:process_info.cc(608)] range at 0xfef4f000, size 0xf84 fully unreadable
[0331/215616:ERROR:process_info.cc(608)] range at 0xfef4c000, size 0xf84 fully unreadable
[0331/215616:ERROR:process_info.cc(608)] range at 0xfef49000, size 0xf84 fully unreadable
[0331/215616:ERROR:process_info.cc(608)] range at 0xfef46000, size 0xf84 fully unreadable
[0331/215616:ERROR:process_info.cc(608)] range at 0xfef43000, size 0xf84 fully unreadable
[0331/215616:ERROR:process_info.cc(608)] range at 0xfef3f000, size 0xf84 fully unreadable
[0331/215616:ERROR:process_info.cc(608)] range at 0xfef3c000, size 0xf84 fully unreadable
[0331/215616:ERROR:process_info.cc(608)] range at 0xfef39000, size 0xf84 fully unreadable
[0331/215616:ERROR:process_info.cc(608)] range at 0xfef2f000, size 0xf84 fully unreadable
[0331/215616:ERROR:process_reader_win.cc(232)] ReadMemory at 0x5d1a0000 of 64 bytes failed: Somente uma parte de um pedido ReadProcessMemory ou WriteProcessMemory foi concluída. (0x12B)
[0331/215616:ERROR:process_reader_win.cc(232)] ReadMemory at 0x774b2bf8 of 92 bytes failed: Somente uma parte de um pedido ReadProcessMemory ou WriteProcessMemory foi concluída. (0x12B)
[0331/215616:ERROR:process_reader_win.cc(232)] ReadMemory at 0x774b2bf8 of 92 bytes failed: Somente uma parte de um pedido ReadProcessMemory ou WriteProcessMemory foi concluída. (0x12B)
[0331/215616:WARNING:pe_image_reader.cc(280)] could not read dos header from C:\Program Files (x86)\Google\Chrome\Application\49.0.2623.110\chrome_child.dll
[0331/215616:WARNING:pe_image_reader.cc(246)] could not read version info from C:\Windows\SYSTEM32\COMDLG32.dll
[0331/215616:WARNING:pe_image_reader.cc(246)] could not read version info from C:\Windows\SYSTEM32\COMDLG32.dll
[0331/215616:ERROR:process_reader_win.cc(232)] ReadMemory at 0x6b5a0000 of 64 bytes failed: Somente uma parte de um pedido ReadProcessMemory ou WriteProcessMemory foi concluída. (0x12B)
[0331/215616:ERROR:process_reader_win.cc(232)] ReadMemory at 0x75b20000 of 64 bytes failed: Somente uma parte de um pedido ReadProcessMemory ou WriteProcessMemory foi concluída. (0x12B)
[0331/215616:WARNING:pe_image_reader.cc(280)] could not read dos header from C:\Windows\SYSTEM32\dwrite.dll
[0331/215616:WARNING:pe_image_reader.cc(280)] could not read dos header from C:\Windows\SYSTEM32\ole32.dll
[0331/215616:ERROR:process_reader_win.cc(232)] ReadMemory at 0x75b20000 of 64 bytes failed: Somente uma parte de um pedido ReadProcessMemory ou WriteProcessMemory foi concluída. (0x12B)
[0331/215616:WARNING:pe_image_reader.cc(280)] could not read dos header from C:\Windows\SYSTEM32\ole32.dll
[0331/215616:ERROR:process_reader_win.cc(232)] ReadMemory at 0x776e0000 of 64 bytes failed: Somente uma parte de um pedido ReadProcessMemory ou WriteProcessMemory foi concluída. (0x12B)
[0331/215616:ERROR:process_reader_win.cc(232)] ReadMemory at 0x776e0000 of 64 bytes failed: Somente uma parte de um pedido ReadProcessMemory ou WriteProcessMemory foi concluída. (0x12B)
[0331/215616:WARNING:pe_image_reader.cc(280)] could not read dos header from C:\Windows\SYSTEM32\OLEAUT32.dll
[0331/215616:WARNING:pe_image_reader.cc(280)] could not read dos header from C:\Windows\SYSTEM32\OLEAUT32.dll
[0331/215616:ERROR:process_reader_win.cc(232)] ReadMemory at 0x910000 of 64 bytes failed: Somente uma parte de um pedido ReadProcessMemory ou WriteProcessMemory foi concluída. (0x12B)
[0331/215616:ERROR:process_reader_win.cc(232)] ReadMemory at 0x75ab0000 of 64 bytes failed: Somente uma parte de um pedido ReadProcessMemory ou WriteProcessMemory foi concluída. (0x12B)
[0331/215616:WARNING:pe_image_reader.cc(280)] could not read dos header from C:\Program Files (x86)\Google\Chrome\Application\chrome.exe
[0331/215616:ERROR:process_reader_win.cc(232)] ReadMemory at 0x75ab0000 of 64 bytes failed: Somente uma parte de um pedido ReadProcessMemory ou WriteProcessMemory foi concluída. (0x12B)
[0331/215616:WARNING:pe_image_reader.cc(280)] could not read dos header from C:\Windows\SYSTEM32\NSI.dll
[0331/215616:WARNING:pe_image_reader.cc(280)] could not read dos header from C:\Windows\SYSTEM32\NSI.dll
[0331/215616:ERROR:process_reader_win.cc(232)] ReadMemory at 0x77b00000 of 64 bytes failed: Somente uma parte de um pedido ReadProcessMemory ou WriteProcessMemory foi concluída. (0x12B)
[0331/215616:ERROR:process_reader_win.cc(232)] ReadMemory at 0x725f0000 of 64 bytes failed: Somente uma parte de um pedido ReadProcessMemory ou WriteProcessMemory foi concluída. (0x12B)
[0331/215616:WARNING:pe_image_reader.cc(280)] could not read dos header from C:\Windows\SYSTEM32\ntdll.dll
[0331/215616:ERROR:process_reader_win.cc(232)] ReadMemory at 0x725f0000 of 64 bytes failed: Somente uma parte de um pedido ReadProcessMemory ou WriteProcessMemory foi concluída. (0x12B)
[0331/215616:WARNING:pe_image_reader.cc(280)] could not read dos header from C:\Windows\SYSTEM32\WINNSI.DLL
[0331/215616:WARNING:pe_image_reader.cc(280)] could not read dos header from C:\Windows\SYSTEM32\WINNSI.DLL
[0331/215616:ERROR:process_reader_win.cc(232)] ReadMemory at 0x75880000 of 64 bytes failed: Somente uma parte de um pedido ReadProcessMemory ou WriteProcessMemory foi concluída. (0x12B)
[0331/215616:WARNING:pe_image_reader.cc(280)] could not read dos header from C:\Windows\SYSTEM32\KERNELBASE.dll
[0331/215616:ERROR:process_reader_win.cc(232)] ReadMemory at 0x72600000 of 64 bytes failed: Somente uma parte de um pedido ReadProcessMemory ou WriteProcessMemory foi concluída. (0x12B)
[0331/215616:ERROR:process_reader_win.cc(232)] ReadMemory at 0x72600000 of 64 bytes failed: Somente uma parte de um pedido ReadProcessMemory ou WriteProcessMemory foi concluída. (0x12B)
[0331/215616:ERROR:process_reader_win.cc(232)] ReadMemory at 0x77280000 of 64 bytes failed: Somente uma parte de um pedido ReadProcessMemory ou WriteProcessMemory foi concluída. (0x12B)
[0331/215616:WARNING:pe_image_reader.cc(280)] could not read dos header from C:\Windows\SYSTEM32\IPHLPAPI.DLL
[0331/215616:WARNING:pe_image_reader.cc(280)] could not read dos header from C:\Windows\SYSTEM32\IPHLPAPI.DLL
[0331/215616:WARNING:pe_image_reader.cc(280)] could not read dos header from C:\Windows\SYSTEM32\KERNEL32.DLL
[0331/215616:ERROR:process_reader_win.cc(232)] ReadMemory at 0x75830000 of 64 bytes failed: Somente uma parte de um pedido ReadProcessMemory ou WriteProcessMemory foi concluída. (0x12B)
[0331/215616:ERROR:process_reader_win.cc(232)] ReadMemory at 0x75830000 of 64 bytes failed: Somente uma parte de um pedido ReadProcessMemory ou WriteProcessMemory foi concluída. (0x12B)
[0331/215616:ERROR:process_reader_win.cc(232)] ReadMemory at 0x6cbd0000 of 64 bytes failed: Somente uma parte de um pedido ReadProcessMemory ou WriteProcessMemory foi concluída. (0x12B)
[0331/215616:WARNING:pe_image_reader.cc(280)] could not read dos header from C:\Windows\SYSTEM32\WS2_32.dll
[0331/215616:WARNING:pe_image_reader.cc(280)] could not read dos header from C:\Program Files\Bitdefender\Endpoint\Signatures\AVC\AVC3_00347_020\avcuf32.dll
[0331/215616:WARNING:pe_image_reader.cc(280)] could not read dos header from C:\Windows\SYSTEM32\WS2_32.dll
[0331/215616:ERROR:process_reader_win.cc(232)] ReadMemory at 0x6c6b0000 of 64 bytes failed: Somente uma parte de um pedido ReadProcessMemory ou WriteProcessMemory foi concluída. (0x12B)
[0331/215616:ERROR:process_reader_win.cc(232)] ReadMemory at 0x75c50000 of 64 bytes failed: Somente uma parte de um pedido ReadProcessMemory ou WriteProcessMemory foi concluída. (0x12B)
[0331/215616:WARNING:pe_image_reader.cc(280)] could not read dos header from C:\Windows\SYSTEM32\USP10.dll
[0331/215616:WARNING:pe_image_reader.cc(280)] could not read dos header from C:\Windows\SYSTEM32\msvcrt.dll
[0331/215616:ERROR:process_reader_win.cc(232)] ReadMemory at 0x6c6b0000 of 64 bytes failed: Somente uma parte de um pedido ReadProcessMemory ou WriteProcessMemory foi concluída. (0x12B)
[0331/215616:ERROR:process_reader_win.cc(232)] ReadMemory at 0x75ec0000 of 64 bytes failed: Somente uma parte de um pedido ReadProcessMemory ou WriteProcessMemory foi concluída. (0x12B)
[0331/215616:WARNING:pe_image_reader.cc(280)] could not read dos header from C:\Windows\SYSTEM32\USP10.dll
[0331/215616:ERROR:process_reader_win.cc(232)] ReadMemory at 0x75290000 of 64 bytes failed: Somente uma parte de um pedido ReadProcessMemory ou WriteProcessMemory foi concluída. (0x12B)
[0331/215616:WARNING:pe_image_reader.cc(280)] could not read dos header from C:\Windows\SYSTEM32\MSASN1.dll
[0331/215616:WARNING:pe_image_reader.cc(280)] could not read dos header from C:\Windows\SYSTEM32\bcryptPrimitives.dll
[0331/215616:ERROR:process_reader_win.cc(232)] ReadMemory at 0x75ec0000 of 64 bytes failed: Somente uma parte de um pedido ReadProcessMemory ou WriteProcessMemory foi concluída. (0x12B)
[0331/215616:WARNING:pe_image_reader.cc(280)] could not read dos header from C:\Windows\SYSTEM32\MSASN1.dll
[0331/215616:ERROR:process_reader_win.cc(232)] ReadMemory at 0x77780000 of 64 bytes failed: Somente uma parte de um pedido ReadProcessMemory ou WriteProcessMemory foi concluída. (0x12B)
[0331/215616:ERROR:process_reader_win.cc(232)] ReadMemory at 0x752f0000 of 64 bytes failed: Somente uma parte de um pedido ReadProcessMemory ou WriteProcessMemory foi concluída. (0x12B)
[0331/215616:WARNING:pe_image_reader.cc(280)] could not read dos header from C:\Windows\SYSTEM32\CRYPT32.dll
[0331/215616:ERROR:process_reader_win.cc(232)] ReadMemory at 0x77780000 of 64 bytes failed: Somente uma parte de um pedido ReadProcessMemory ou WriteProcessMemory foi concluída. (0x12B)
[0331/215616:WARNING:pe_image_reader.cc(280)] could not read dos header from C:\Windows\SYSTEM32\CRYPTBASE.dll
[0331/215616:WARNING:pe_image_reader.cc(280)] could not read dos header from C:\Windows\SYSTEM32\CRYPT32.dll
[0331/215616:ERROR:process_reader_win.cc(232)] ReadMemory at 0x75620000 of 64 bytes failed: Somente uma parte de um pedido ReadProcessMemory ou WriteProcessMemory foi concluída. (0x12B)
[0331/215616:WARNING:pe_image_reader.cc(280)] could not read dos header from C:\Windows\SYSTEM32\WINTRUST.dll
[0331/215616:ERROR:process_reader_win.cc(232)] ReadMemory at 0x75300000 of 64 bytes failed: Somente uma parte de um pedido ReadProcessMemory ou WriteProcessMemory foi concluída. (0x12B)
[0331/215616:ERROR:process_reader_win.cc(232)] ReadMemory at 0x75620000 of 64 bytes failed: Somente uma parte de um pedido ReadProcessMemory ou WriteProcessMemory foi concluída. (0x12B)
[0331/215616:ERROR:process_reader_win.cc(232)] ReadMemory at 0x74490000 of 64 bytes failed: Somente uma parte de um pedido ReadProcessMemory ou WriteProcessMemory foi concluída. (0x12B)
[0331/215616:WARNING:pe_image_reader.cc(280)] could not read dos header from C:\Windows\SYSTEM32\SspiCli.dll
[0331/215616:WARNING:pe_image_reader.cc(280)] could not read dos header from C:\Windows\SYSTEM32\WINTRUST.dll
[0331/215616:WARNING:pe_image_reader.cc(280)] could not read dos header from C:\Windows\SYSTEM32\Secur32.dll
[0331/215616:ERROR:process_reader_win.cc(232)] ReadMemory at 0x759f0000 of 64 bytes failed: Somente uma parte de um pedido ReadProcessMemory ou WriteProcessMemory foi concluída. (0x12B)
[0331/215616:WARNING:pe_image_reader.cc(280)] could not read dos header from C:\Windows\SYSTEM32\RPCRT4.dll
[0331/215616:ERROR:process_reader_win.cc(232)] ReadMemory at 0x74490000 of 64 bytes failed: Somente uma parte de um pedido ReadProcessMemory ou WriteProcessMemory foi concluída. (0x12B)
[0331/215616:ERROR:process_reader_win.cc(232)] ReadMemory at 0x5d1a0000 of 64 bytes failed: Somente uma parte de um pedido ReadProcessMemory ou WriteProcessMemory foi concluída. (0x12B)
[0331/215616:WARNING:pe_image_reader.cc(280)] could not read dos header from C:\Windows\SYSTEM32\Secur32.dll
[0331/215616:ERROR:process_reader_win.cc(232)] ReadMemory at 0x75ed0000 of 64 bytes failed: Somente uma parte de um pedido ReadProcessMemory ou WriteProcessMemory foi concluída. (0x12B)
[0331/215616:WARNING:pe_image_reader.cc(280)] could not read dos header from C:\Program Files (x86)\Google\Chrome\Application\49.0.2623.110\chrome_child.dll
[0331/215616:WARNING:pe_image_reader.cc(280)] could not read dos header from C:\Windows\SYSTEM32\sechost.dll
[0331/215616:ERROR:process_reader_win.cc(232)] ReadMemory at 0x6b5a0000 of 64 bytes failed: Somente uma parte de um pedido ReadProcessMemory ou WriteProcessMemory foi concluída. (0x12B)
[0331/215616:ERROR:process_reader_win.cc(232)] ReadMemory at 0x5d1a0000 of 64 bytes failed: Somente uma parte de um pedido ReadProcessMemory ou WriteProcessMemory foi concluída. (0x12B)
[0331/215616:ERROR:process_reader_win.cc(232)] ReadMemory at 0x77660000 of 64 bytes failed: Somente uma parte de um pedido ReadProcessMemory ou WriteProcessMemory foi concluída. (0x12B)
[0331/215616:WARNING:pe_image_reader.cc(280)] could not read dos header from C:\Windows\SYSTEM32\dwrite.dll
[0331/215616:WARNING:pe_image_reader.cc(280)] could not read dos header from C:\Windows\SYSTEM32\ADVAPI32.dll
[0331/215616:WARNING:pe_image_reader.cc(280)] could not read dos header from C:\Program Files (x86)\Google\Chrome\Application\49.0.2623.110\chrome_child.dll
[0331/215616:ERROR:process_reader_win.cc(232)] ReadMemory at 0x6b400000 of 64 bytes failed: Somente uma parte de um pedido ReadProcessMemory ou WriteProcessMemory foi concluída. (0x12B)
[0331/215616:ERROR:process_reader_win.cc(232)] ReadMemory at 0x6b5a0000 of 64 bytes failed: Somente uma parte de um pedido ReadProcessMemory ou WriteProcessMemory foi concluída. (0x12B)
[0331/215616:ERROR:process_reader_win.cc(232)] ReadMemory at 0x910000 of 64 bytes failed: Somente uma parte de um pedido ReadProcessMemory ou WriteProcessMemory foi concluída. (0x12B)
[0331/215616:WARNING:pe_image_reader.cc(280)] could not read dos header from C:\Windows\SYSTEM32\dwrite.dll
[0331/215616:WARNING:pe_image_reader.cc(280)] could not read dos header from C:\Program Files (x86)\Google\Chrome\Application\49.0.2623.110\chrome_elf.dll
[0331/215616:WARNING:pe_image_reader.cc(280)] could not read dos header from C:\Program Files (x86)\Google\Chrome\Application\chrome.exe
[0331/215616:ERROR:process_reader_win.cc(232)] ReadMemory at 0x910000 of 64 bytes failed: Somente uma parte de um pedido ReadProcessMemory ou WriteProcessMemory foi concluída. (0x12B)
[0331/215616:WARNING:pe_image_reader.cc(280)] could not read dos header from C:\Program Files (x86)\Google\Chrome\Application\chrome.exe
[0331/215616:ERROR:process_reader_win.cc(232)] ReadMemory at 0x754a0000 of 64 bytes failed: Somente uma parte de um pedido ReadProcessMemory ou WriteProcessMemory foi concluída. (0x12B)
[0331/215616:ERROR:process_reader_win.cc(232)] ReadMemory at 0x77b00000 of 64 bytes failed: Somente uma parte de um pedido ReadProcessMemory ou WriteProcessMemory foi concluída. (0x12B)
[0331/215616:ERROR:process_reader_win.cc(232)] ReadMemory at 0x77b00000 of 64 bytes failed: Somente uma parte de um pedido ReadProcessMemory ou WriteProcessMemory foi concluída. (0x12B)
[0331/215616:WARNING:pe_image_reader.cc(280)] could not read dos header from C:\Windows\SYSTEM32\combase.dll
[0331/215616:WARNING:pe_image_reader.cc(280)] could not read dos header from C:\Windows\SYSTEM32\ntdll.dll
[0331/215616:WARNING:pe_image_reader.cc(280)] could not read dos header from C:\Windows\SYSTEM32\ntdll.dll
[0331/215616:ERROR:process_reader_win.cc(232)] ReadMemory at 0x735e0000 of 64 bytes failed: Somente uma parte de um pedido ReadProcessMemory ou WriteProcessMemory foi concluída. (0x12B)
[0331/215616:WARNING:pe_image_reader.cc(280)] could not read dos header from C:\Windows\SYSTEM32\WINHTTP.dll
[0331/215616:ERROR:process_reader_win.cc(232)] ReadMemory at 0x75880000 of 64 bytes failed: Somente uma parte de um pedido ReadProcessMemory ou WriteProcessMemory foi concluída. (0x12B)
[0331/215616:WARNING:pe_image_reader.cc(280)] could not read dos header from C:\Windows\SYSTEM32\KERNELBASE.dll
[0331/215616:ERROR:process_reader_win.cc(232)] ReadMemory at 0x75880000 of 64 bytes failed: Somente uma parte de um pedido ReadProcessMemory ou WriteProcessMemory foi concluída. (0x12B)
[0331/215616:ERROR:process_reader_win.cc(232)] ReadMemory at 0x74020000 of 64 bytes failed: Somente uma parte de um pedido ReadProcessMemory ou WriteProcessMemory foi concluída. (0x12B)
[0331/215616:ERROR:process_reader_win.cc(232)] ReadMemory at 0x77280000 of 64 bytes failed: Somente uma parte de um pedido ReadProcessMemory ou WriteProcessMemory foi concluída. (0x12B)
[0331/215616:WARNING:pe_image_reader.cc(280)] could not read dos header from C:\Windows\SYSTEM32\KERNELBASE.dll
[0331/215616:WARNING:pe_image_reader.cc(280)] could not read dos header from C:\Windows\SYSTEM32\VERSION.dll
[0331/215616:WARNING:pe_image_reader.cc(280)] could not read dos header from C:\Windows\SYSTEM32\KERNEL32.DLL
[0331/215616:ERROR:process_reader_win.cc(232)] ReadMemory at 0x77280000 of 64 bytes failed: Somente uma parte de um pedido ReadProcessMemory ou WriteProcessMemory foi concluída. (0x12B)
[0331/215616:WARNING:pe_image_reader.cc(280)] could not read dos header from C:\Windows\SYSTEM32\KERNEL32.DLL
[0331/215616:ERROR:process_reader_win.cc(232)] ReadMemory at 0x75e30000 of 64 bytes failed: Somente uma parte de um pedido ReadProcessMemory ou WriteProcessMemory foi concluída. (0x12B)
[0331/215616:ERROR:process_reader_win.cc(232)] ReadMemory at 0x6cbd0000 of 64 bytes failed: Somente uma parte de um pedido ReadProcessMemory ou WriteProcessMemory foi concluída. (0x12B)
[0331/215616:ERROR:process_reader_win.cc(232)] ReadMemory at 0x6cbd0000 of 64 bytes failed: Somente uma parte de um pedido ReadProcessMemory ou WriteProcessMemory foi concluída. (0x12B)
[0331/215616:WARNING:pe_image_reader.cc(280)] could not read dos header from C:\Program Files\Bitdefender\Endpoint\Signatures\AVC\AVC3_00347_020\avcuf32.dll
[0331/215616:WARNING:pe_image_reader.cc(280)] could not read dos header from C:\Windows\SYSTEM32\cfgmgr32.dll
[0331/215616:WARNING:pe_image_reader.cc(280)] could not read dos header from C:\Program Files\Bitdefender\Endpoint\Signatures\AVC\AVC3_00347_020\avcuf32.dll
[0331/215616:ERROR:process_reader_win.cc(232)] ReadMemory at 0x75c50000 of 64 bytes failed: Somente uma parte de um pedido ReadProcessMemory ou WriteProcessMemory foi concluída. (0x12B)
[0331/215616:ERROR:process_reader_win.cc(232)] ReadMemory at 0x73030000 of 64 bytes failed: Somente uma parte de um pedido ReadProcessMemory ou WriteProcessMemory foi concluída. (0x12B)
[0331/215616:ERROR:process_reader_win.cc(232)] ReadMemory at 0x75c50000 of 64 bytes failed: Somente uma parte de um pedido ReadProcessMemory ou WriteProcessMemory foi concluída. (0x12B)
[0331/215616:WARNING:pe_image_reader.cc(280)] could not read dos header from C:\Windows\SYSTEM32\DEVOBJ.dll
[0331/215616:WARNING:pe_image_reader.cc(280)] could not read dos header from C:\Windows\SYSTEM32\msvcrt.dll
[0331/215616:WARNING:pe_image_reader.cc(280)] could not read dos header from C:\Windows\SYSTEM32\msvcrt.dll
[0331/215616:ERROR:process_reader_win.cc(232)] ReadMemory at 0x73380000 of 64 bytes failed: Somente uma parte de um pedido ReadProcessMemory ou WriteProcessMemory foi concluída. (0x12B)
[0331/215616:ERROR:process_reader_win.cc(232)] ReadMemory at 0x75290000 of 64 bytes failed: Somente uma parte de um pedido ReadProcessMemory ou WriteProcessMemory foi concluída. (0x12B)
[0331/215616:ERROR:process_reader_win.cc(232)] ReadMemory at 0x75290000 of 64 bytes failed: Somente uma parte de um pedido ReadProcessMemory ou WriteProcessMemory foi concluída. (0x12B)
[0331/215616:WARNING:pe_image_reader.cc(280)] could not read dos header from C:\Windows\SYSTEM32\bcryptPrimitives.dll
[0331/215616:WARNING:pe_image_reader.cc(280)] could not read dos header from C:\Windows\SYSTEM32\WINMMBASE.dll
[0331/215616:WARNING:pe_image_reader.cc(280)] could not read dos header from C:\Windows\SYSTEM32\bcryptPrimitives.dll
[0331/215616:ERROR:process_reader_win.cc(232)] ReadMemory at 0x752f0000 of 64 bytes failed: Somente uma parte de um pedido ReadProcessMemory ou WriteProcessMemory foi concluída. (0x12B)
[0331/215616:ERROR:process_reader_win.cc(232)] ReadMemory at 0x752f0000 of 64 bytes failed: Somente uma parte de um pedido ReadProcessMemory ou WriteProcessMemory foi concluída. (0x12B)
[0331/215616:ERROR:process_reader_win.cc(232)] ReadMemory at 0x75d20000 of 64 bytes failed: Somente uma parte de um pedido ReadProcessMemory ou WriteProcessMemory foi concluída. (0x12B)
[0331/215616:WARNING:pe_image_reader.cc(280)] could not read dos header from C:\Windows\SYSTEM32\CRYPTBASE.dll
[0331/215616:WARNING:pe_image_reader.cc(280)] could not read dos header from C:\Windows\SYSTEM32\CRYPTBASE.dll
[0331/215616:WARNING:pe_image_reader.cc(280)] could not read dos header from C:\Windows\SYSTEM32\GDI32.dll
[0331/215616:ERROR:process_reader_win.cc(232)] ReadMemory at 0x75300000 of 64 bytes failed: Somente uma parte de um pedido ReadProcessMemory ou WriteProcessMemory foi concluída. (0x12B)
[0331/215616:WARNING:pe_image_reader.cc(280)] could not read dos header from C:\Windows\SYSTEM32\SspiCli.dll
[0331/215616:ERROR:process_reader_win.cc(232)] ReadMemory at 0x75340000 of 64 bytes failed: Somente uma parte de um pedido ReadProcessMemory ou WriteProcessMemory foi concluída. (0x12B)
[0331/215616:ERROR:process_reader_win.cc(232)] ReadMemory at 0x75300000 of 64 bytes failed: Somente uma parte de um pedido ReadProcessMemory ou WriteProcessMemory foi concluída. (0x12B)
[0331/215616:WARNING:pe_image_reader.cc(280)] could not read dos header from C:\Windows\SYSTEM32\USER32.dll
[0331/215616:ERROR:process_reader_win.cc(232)] ReadMemory at 0x759f0000 of 64 bytes failed: Somente uma parte de um pedido ReadProcessMemory ou WriteProcessMemory foi concluída. (0x12B)
[0331/215616:WARNING:pe_image_reader.cc(280)] could not read dos header from C:\Windows\SYSTEM32\SspiCli.dll
[0331/215616:WARNING:pe_image_reader.cc(280)] could not read dos header from C:\Windows\SYSTEM32\RPCRT4.dll
[0331/215616:ERROR:process_reader_win.cc(232)] ReadMemory at 0x77910000 of 64 bytes failed: Somente uma parte de um pedido ReadProcessMemory ou WriteProcessMemory foi concluída. (0x12B)
[0331/215616:WARNING:pe_image_reader.cc(280)] could not read dos header from C:\Windows\SYSTEM32\MSCTF.dll
[0331/215616:ERROR:process_reader_win.cc(232)] ReadMemory at 0x75ed0000 of 64 bytes failed: Somente uma parte de um pedido ReadProcessMemory ou WriteProcessMemory foi concluída. (0x12B)
[0331/215616:ERROR:process_reader_win.cc(232)] ReadMemory at 0x759f0000 of 64 bytes failed: Somente uma parte de um pedido ReadProcessMemory ou WriteProcessMemory foi concluída. (0x12B)
[0331/215616:WARNING:pe_image_reader.cc(280)] could not read dos header from C:\Windows\SYSTEM32\sechost.dll
[0331/215616:ERROR:process_reader_win.cc(232)] ReadMemory at 0x774c0000 of 64 bytes failed: Somente uma parte de um pedido ReadProcessMemory ou WriteProcessMemory foi concluída. (0x12B)
[0331/215616:WARNING:pe_image_reader.cc(280)] could not read dos header from C:\Windows\SYSTEM32\RPCRT4.dll
[0331/215616:WARNING:pe_image_reader.cc(280)] could not read dos header from C:\Windows\system32\IMM32.DLL
[0331/215616:ERROR:process_reader_win.cc(232)] ReadMemory at 0x77660000 of 64 bytes failed: Somente uma parte de um pedido ReadProcessMemory ou WriteProcessMemory foi concluída. (0x12B)
[0331/215616:ERROR:process_reader_win.cc(232)] ReadMemory at 0x74400000 of 64 bytes failed: Somente uma parte de um pedido ReadProcessMemory ou WriteProcessMemory foi concluída. (0x12B)
[0331/215616:WARNING:pe_image_reader.cc(280)] could not read dos header from C:\Windows\SYSTEM32\ADVAPI32.dll
[0331/215616:ERROR:process_reader_win.cc(232)] ReadMemory at 0x75ed0000 of 64 bytes failed: Somente uma parte de um pedido ReadProcessMemory ou WriteProcessMemory foi concluída. (0x12B)
[0331/215616:WARNING:pe_image_reader.cc(280)] could not read dos header from C:\Windows\SYSTEM32\WINMM.dll
[0331/215616:WARNING:pe_image_reader.cc(280)] could not read dos header from C:\Windows\SYSTEM32\sechost.dll
[0331/215616:ERROR:process_reader_win.cc(232)] ReadMemory at 0x6b400000 of 64 bytes failed: Somente uma parte de um pedido ReadProcessMemory ou WriteProcessMemory foi concluída. (0x12B)
[0331/215616:ERROR:process_reader_win.cc(232)] ReadMemory at 0x72f90000 of 64 bytes failed: Somente uma parte de um pedido ReadProcessMemory ou WriteProcessMemory foi concluída. (0x12B)
[0331/215616:WARNING:pe_image_reader.cc(280)] could not read dos header from C:\Program Files (x86)\Google\Chrome\Application\49.0.2623.110\chrome_elf.dll
[0331/215616:ERROR:process_reader_win.cc(232)] ReadMemory at 0x77660000 of 64 bytes failed: Somente uma parte de um pedido ReadProcessMemory ou WriteProcessMemory foi concluída. (0x12B)
[0331/215616:WARNING:pe_image_reader.cc(280)] could not read dos header from C:\Windows\SYSTEM32\profapi.dll
[0331/215616:WARNING:pe_image_reader.cc(280)] could not read dos header from C:\Windows\SYSTEM32\ADVAPI32.dll
[0331/215616:ERROR:process_reader_win.cc(232)] ReadMemory at 0x754a0000 of 64 bytes failed: Somente uma parte de um pedido ReadProcessMemory ou WriteProcessMemory foi concluída. (0x12B)
[0331/215616:WARNING:pe_image_reader.cc(280)] could not read dos header from C:\Windows\SYSTEM32\combase.dll
[0331/215616:ERROR:process_reader_win.cc(232)] ReadMemory at 0x73060000 of 64 bytes failed: Somente uma parte de um pedido ReadProcessMemory ou WriteProcessMemory foi concluída. (0x12B)
[0331/215616:ERROR:process_reader_win.cc(232)] ReadMemory at 0x6b400000 of 64 bytes failed: Somente uma parte de um pedido ReadProcessMemory ou WriteProcessMemory foi concluída. (0x12B)
[0331/215616:WARNING:pe_image_reader.cc(280)] could not read dos header from C:\Windows\SYSTEM32\USERENV.dll
[0331/215616:ERROR:process_reader_win.cc(232)] ReadMemory at 0x735e0000 of 64 bytes failed: Somente uma parte de um pedido ReadProcessMemory ou WriteProcessMemory foi concluída. (0x12B)
[0331/215616:WARNING:pe_image_reader.cc(280)] could not read dos header from C:\Program Files (x86)\Google\Chrome\Application\49.0.2623.110\chrome_elf.dll
[0331/215616:WARNING:pe_image_reader.cc(280)] could not read dos header from C:\Windows\SYSTEM32\WINHTTP.dll
[0331/215616:ERROR:process_reader_win.cc(232)] ReadMemory at 0x74480000 of 64 bytes failed: Somente uma parte de um pedido ReadProcessMemory ou WriteProcessMemory foi concluída. (0x12B)
[0331/215616:WARNING:pe_image_reader.cc(280)] could not read dos header from C:\Windows\SYSTEM32\WTSAPI32.dll
[0331/215616:ERROR:process_reader_win.cc(232)] ReadMemory at 0x74020000 of 64 bytes failed: Somente uma parte de um pedido ReadProcessMemory ou WriteProcessMemory foi concluída. (0x12B)
[0331/215616:ERROR:process_reader_win.cc(232)] ReadMemory at 0x754a0000 of 64 bytes failed: Somente uma parte de um pedido ReadProcessMemory ou WriteProcessMemory foi concluída. (0x12B)
[0331/215616:WARNING:pe_image_reader.cc(280)] could not read dos header from C:\Windows\SYSTEM32\VERSION.dll
[0331/215616:ERROR:process_reader_win.cc(232)] ReadMemory at 0x75e70000 of 64 bytes failed: Somente uma parte de um pedido ReadProcessMemory ou WriteProcessMemory foi concluída. (0x12B)
[0331/215616:WARNING:pe_image_reader.cc(280)] could not read dos header from C:\Windows\SYSTEM32\combase.dll
[0331/215616:WARNING:pe_image_reader.cc(280)] could not read dos header from C:\Windows\SYSTEM32\SHLWAPI.dll
[0331/215616:ERROR:process_reader_win.cc(232)] ReadMemory at 0x75e30000 of 64 bytes failed: Somente uma parte de um pedido ReadProcessMemory ou WriteProcessMemory foi concluída. (0x12B)
[0331/215616:WARNING:pe_image_reader.cc(280)] could not read dos header from C:\Windows\SYSTEM32\cfgmgr32.dll
[0331/215616:ERROR:process_reader_win.cc(232)] ReadMemory at 0x735e0000 of 64 bytes failed: Somente uma parte de um pedido ReadProcessMemory ou WriteProcessMemory foi concluída. (0x12B)
[0331/215616:ERROR:process_reader_win.cc(232)] ReadMemory at 0x75fd0000 of 64 bytes failed: Somente uma parte de um pedido ReadProcessMemory ou WriteProcessMemory foi concluída. (0x12B)
[0331/215616:ERROR:process_reader_win.cc(232)] ReadMemory at 0x73030000 of 64 bytes failed: Somente uma parte de um pedido ReadProcessMemory ou WriteProcessMemory foi concluída. (0x12B)
[0331/215616:WARNING:pe_image_reader.cc(280)] could not read dos header from C:\Windows\SYSTEM32\SHELL32.dll
[0331/215616:WARNING:pe_image_reader.cc(280)] could not read dos header from C:\Windows\SYSTEM32\DEVOBJ.dll
[0331/215616:WARNING:pe_image_reader.cc(280)] could not read dos header from C:\Windows\SYSTEM32\WINHTTP.dll
[0331/215616:ERROR:process_reader_win.cc(232)] ReadMemory at 0x72f00000 of 64 bytes failed: Somente uma parte de um pedido ReadProcessMemory ou WriteProcessMemory foi concluída. (0x12B)
[0331/215616:ERROR:process_reader_win.cc(232)] ReadMemory at 0x73380000 of 64 bytes failed: Somente uma parte de um pedido ReadProcessMemory ou WriteProcessMemory foi concluída. (0x12B)
[0331/215616:WARNING:pe_image_reader.cc(280)] could not read dos header from C:\Windows\SYSTEM32\shcore.dll
[0331/215616:WARNING:pe_image_reader.cc(280)] could not read dos header from C:\Windows\SYSTEM32\WINMMBASE.dll
[0331/215616:ERROR:process_reader_win.cc(232)] ReadMemory at 0x74020000 of 64 bytes failed: Somente uma parte de um pedido ReadProcessMemory ou WriteProcessMemory foi concluída. (0x12B)
[0331/215616:ERROR:process_reader_win.cc(232)] ReadMemory at 0x75820000 of 64 bytes failed: Somente uma parte de um pedido ReadProcessMemory ou WriteProcessMemory foi concluída. (0x12B)
[0331/215616:WARNING:pe_image_reader.cc(280)] could not read dos header from C:\Windows\SYSTEM32\VERSION.dll
[0331/215616:WARNING:pe_image_reader.cc(280)] could not read dos header from C:\Windows\SYSTEM32\PSAPI.DLL
[0331/215616:ERROR:process_reader_win.cc(232)] ReadMemory at 0x75d20000 of 64 bytes failed: Somente uma parte de um pedido ReadProcessMemory ou WriteProcessMemory foi concluída. (0x12B)
[0331/215616:WARNING:pe_image_reader.cc(280)] could not read dos header from C:\Windows\SYSTEM32\GDI32.dll
[0331/215616:ERROR:process_reader_win.cc(232)] ReadMemory at 0x75e30000 of 64 bytes failed: Somente uma parte de um pedido ReadProcessMemory ou WriteProcessMemory foi concluída. (0x12B)
[0331/215616:ERROR:process_reader_win.cc(232)] ReadMemory at 0x73310000 of 64 bytes failed: Somente uma parte de um pedido ReadProcessMemory ou WriteProcessMemory foi concluída. (0x12B)
[0331/215616:WARNING:pe_image_reader.cc(280)] could not read dos header from C:\Windows\SYSTEM32\cfgmgr32.dll
[0331/215616:ERROR:process_reader_win.cc(232)] ReadMemory at 0x75340000 of 64 bytes failed: Somente uma parte de um pedido ReadProcessMemory ou WriteProcessMemory foi concluída. (0x12B)
[0331/215616:WARNING:pe_image_reader.cc(280)] could not read dos header from C:\Windows\SYSTEM32\WINSPOOL.DRV
[0331/215616:WARNING:pe_image_reader.cc(280)] could not read dos header from C:\Windows\SYSTEM32\USER32.dll
[0331/215616:ERROR:process_reader_win.cc(232)] ReadMemory at 0x73030000 of 64 bytes failed: Somente uma parte de um pedido ReadProcessMemory ou WriteProcessMemory foi concluída. (0x12B)
[0331/215616:WARNING:pe_image_reader.cc(280)] could not read dos header from C:\Windows\SYSTEM32\DEVOBJ.dll
[0331/215616:ERROR:process_reader_win.cc(232)] ReadMemory at 0x77910000 of 64 bytes failed: Somente uma parte de um pedido ReadProcessMemory ou WriteProcessMemory foi concluída. (0x12B)
[0331/215616:ERROR:process_reader_win.cc(232)] ReadMemory at 0x6c8e0000 of 64 bytes failed: Somente uma parte de um pedido ReadProcessMemory ou WriteProcessMemory foi concluída. (0x12B)
[0331/215616:ERROR:process_reader_win.cc(232)] ReadMemory at 0x73380000 of 64 bytes failed: Somente uma parte de um pedido ReadProcessMemory ou WriteProcessMemory foi concluída. (0x12B)
[0331/215616:WARNING:pe_image_reader.cc(280)] could not read dos header from C:\Windows\SYSTEM32\MSCTF.dll
[0331/215616:WARNING:pe_image_reader.cc(280)] could not read dos header from C:\Windows\WinSxS\x86_microsoft.windows.common-controls_6595b64144ccf1df_6.0.9600.17810_none_a9edf09f013934e0\COMCTL32.dll
[0331/215616:WARNING:pe_image_reader.cc(280)] could not read dos header from C:\Windows\SYSTEM32\WINMMBASE.dll
[0331/215616:ERROR:process_reader_win.cc(232)] ReadMemory at 0x774c0000 of 64 bytes failed: Somente uma parte de um pedido ReadProcessMemory ou WriteProcessMemory foi concluída. (0x12B)
[0331/215616:WARNING:pe_image_reader.cc(280)] could not read dos header from C:\Windows\system32\IMM32.DLL
[0331/215616:ERROR:process_reader_win.cc(232)] ReadMemory at 0x77420000 of 64 bytes failed: Somente uma parte de um pedido ReadProcessMemory ou WriteProcessMemory foi concluída. (0x12B)
[0331/215616:ERROR:process_reader_win.cc(232)] ReadMemory at 0x74400000 of 64 bytes failed: Somente uma parte de um pedido ReadProcessMemory ou WriteProcessMemory foi concluída. (0x12B)
[0331/215616:WARNING:pe_image_reader.cc(280)] could not read dos header from C:\Windows\SYSTEM32\COMDLG32.dll
[0331/215616:WARNING:pe_image_reader.cc(280)] could not read dos header from C:\Windows\SYSTEM32\WINMM.dll
[0331/215616:ERROR:process_reader_win.cc(232)] ReadMemory at 0x75d20000 of 64 bytes failed: Somente uma parte de um pedido ReadProcessMemory ou WriteProcessMemory foi concluída. (0x12B)
[0331/215616:WARNING:pe_image_reader.cc(280)] could not read dos header from C:\Windows\SYSTEM32\GDI32.dll
[0331/215616:ERROR:process_reader_win.cc(232)] ReadMemory at 0x75b20000 of 64 bytes failed: Somente uma parte de um pedido ReadProcessMemory ou WriteProcessMemory foi concluída. (0x12B)
[0331/215616:ERROR:process_reader_win.cc(232)] ReadMemory at 0x72f90000 of 64 bytes failed: Somente uma parte de um pedido ReadProcessMemory ou WriteProcessMemory foi concluída. (0x12B)
[0331/215616:WARNING:pe_image_reader.cc(280)] could not read dos header from C:\Windows\SYSTEM32\ole32.dll
[0331/215616:WARNING:pe_image_reader.cc(280)] could not read dos header from C:\Windows\SYSTEM32\profapi.dll
[0331/215616:ERROR:process_reader_win.cc(232)] ReadMemory at 0x75340000 of 64 bytes failed: Somente uma parte de um pedido ReadProcessMemory ou WriteProcessMemory foi concluída. (0x12B)
[0331/215616:WARNING:pe_image_reader.cc(280)] could not read dos header from C:\Windows\SYSTEM32\USER32.dll
[0331/215616:ERROR:process_reader_win.cc(232)] ReadMemory at 0x776e0000 of 64 bytes failed: Somente uma parte de um pedido ReadProcessMemory ou WriteProcessMemory foi concluída. (0x12B)
[0331/215616:ERROR:process_reader_win.cc(232)] ReadMemory at 0x73060000 of 64 bytes failed: Somente uma parte de um pedido ReadProcessMemory ou WriteProcessMemory foi concluída. (0x12B)
[0331/215616:WARNING:pe_image_reader.cc(280)] could not read dos header from C:\Windows\SYSTEM32\OLEAUT32.dll
[0331/215616:ERROR:process_reader_win.cc(232)] ReadMemory at 0x77910000 of 64 bytes failed: Somente uma parte de um pedido ReadProcessMemory ou WriteProcessMemory foi concluída. (0x12B)
[0331/215616:WARNING:pe_image_reader.cc(280)] could not read dos header from C:\Windows\SYSTEM32\USERENV.dll
[0331/215616:WARNING:pe_image_reader.cc(280)] could not read dos header from C:\Windows\SYSTEM32\MSCTF.dll
[0331/215616:ERROR:process_reader_win.cc(232)] ReadMemory at 0x75ab0000 of 64 bytes failed: Somente uma parte de um pedido ReadProcessMemory ou WriteProcessMemory foi concluída. (0x12B)
[0331/215616:WARNING:pe_image_reader.cc(280)] could not read dos header from C:\Windows\SYSTEM32\NSI.dll
[0331/215616:ERROR:process_reader_win.cc(232)] ReadMemory at 0x74480000 of 64 bytes failed: Somente uma parte de um pedido ReadProcessMemory ou WriteProcessMemory foi concluída. (0x12B)
[0331/215616:ERROR:process_reader_win.cc(232)] ReadMemory at 0x774c0000 of 64 bytes failed: Somente uma parte de um pedido ReadProcessMemory ou WriteProcessMemory foi concluída. (0x12B)
[0331/215616:WARNING:pe_image_reader.cc(280)] could not read dos header from C:\Windows\SYSTEM32\WTSAPI32.dll
[0331/215616:WARNING:pe_image_reader.cc(280)] could not read dos header from C:\Windows\system32\IMM32.DLL
[0331/215616:ERROR:process_reader_win.cc(232)] ReadMemory at 0x725f0000 of 64 bytes failed: Somente uma parte de um pedido ReadProcessMemory ou WriteProcessMemory foi concluída. (0x12B)
[0331/215616:WARNING:pe_image_reader.cc(280)] could not read dos header from C:\Windows\SYSTEM32\WINNSI.DLL
[0331/215616:ERROR:process_reader_win.cc(232)] ReadMemory at 0x75e70000 of 64 bytes failed: Somente uma parte de um pedido ReadProcessMemory ou WriteProcessMemory foi concluída. (0x12B)
[0331/215616:ERROR:process_reader_win.cc(232)] ReadMemory at 0x74400000 of 64 bytes failed: Somente uma parte de um pedido ReadProcessMemory ou WriteProcessMemory foi concluída. (0x12B)
[0331/215616:WARNING:pe_image_reader.cc(280)] could not read dos header from C:\Windows\SYSTEM32\SHLWAPI.dll
[0331/215616:WARNING:pe_image_reader.cc(280)] could not read dos header from C:\Windows\SYSTEM32\WINMM.dll
[0331/215616:ERROR:process_reader_win.cc(232)] ReadMemory at 0x72600000 of 64 bytes failed: Somente uma parte de um pedido ReadProcessMemory ou WriteProcessMemory foi concluída. (0x12B)
[0331/215616:WARNING:pe_image_reader.cc(280)] could not read dos header from C:\Windows\SYSTEM32\IPHLPAPI.DLL
[0331/215616:ERROR:process_reader_win.cc(232)] ReadMemory at 0x75fd0000 of 64 bytes failed: Somente uma parte de um pedido ReadProcessMemory ou WriteProcessMemory foi concluída. (0x12B)
[0331/215616:ERROR:process_reader_win.cc(232)] ReadMemory at 0x72f90000 of 64 bytes failed: Somente uma parte de um pedido ReadProcessMemory ou WriteProcessMemory foi concluída. (0x12B)
[0331/215616:WARNING:pe_image_reader.cc(280)] could not read dos header from C:\Windows\SYSTEM32\SHELL32.dll
[0331/215616:ERROR:process_reader_win.cc(232)] ReadMemory at 0x75830000 of 64 bytes failed: Somente uma parte de um pedido ReadProcessMemory ou WriteProcessMemory foi concluída. (0x12B)
[0331/215616:WARNING:pe_image_reader.cc(280)] could not read dos header from C:\Windows\SYSTEM32\profapi.dll
[0331/215616:WARNING:pe_image_reader.cc(280)] could not read dos header from C:\Windows\SYSTEM32\WS2_32.dll
[0331/215616:ERROR:process_reader_win.cc(232)] ReadMemory at 0x72f00000 of 64 bytes failed: Somente uma parte de um pedido ReadProcessMemory ou WriteProcessMemory foi concluída. (0x12B)
[0331/215616:WARNING:pe_image_reader.cc(280)] could not read dos header from C:\Windows\SYSTEM32\shcore.dll
[0331/215616:ERROR:process_reader_win.cc(232)] ReadMemory at 0x6c6b0000 of 64 bytes failed: Somente uma parte de um pedido ReadProcessMemory ou WriteProcessMemory foi concluída. (0x12B)
[0331/215616:ERROR:process_reader_win.cc(232)] ReadMemory at 0x73060000 of 64 bytes failed: Somente uma parte de um pedido ReadProcessMemory ou WriteProcessMemory foi concluída. (0x12B)
[0331/215616:ERROR:process_reader_win.cc(232)] ReadMemory at 0x75820000 of 64 bytes failed: Somente uma parte de um pedido ReadProcessMemory ou WriteProcessMemory foi concluída. (0x12B)
[0331/215616:WARNING:pe_image_reader.cc(280)] could not read dos header from C:\Windows\SYSTEM32\USP10.dll
[0331/215616:WARNING:pe_image_reader.cc(280)] could not read dos header from C:\Windows\SYSTEM32\USERENV.dll
[0331/215616:WARNING:pe_image_reader.cc(280)] could not read dos header from C:\Windows\SYSTEM32\PSAPI.DLL
[0331/215616:ERROR:process_reader_win.cc(232)] ReadMemory at 0x75ec0000 of 64 bytes failed: Somente uma parte de um pedido ReadProcessMemory ou WriteProcessMemory foi concluída. (0x12B)
[0331/215616:WARNING:pe_image_reader.cc(280)] could not read dos header from C:\Windows\SYSTEM32\MSASN1.dll
[0331/215616:ERROR:process_reader_win.cc(232)] ReadMemory at 0x74480000 of 64 bytes failed: Somente uma parte de um pedido ReadProcessMemory ou WriteProcessMemory foi concluída. (0x12B)
[0331/215616:ERROR:process_reader_win.cc(232)] ReadMemory at 0x73310000 of 64 bytes failed: Somente uma parte de um pedido ReadProcessMemory ou WriteProcessMemory foi concluída. (0x12B)
[0331/215616:ERROR:process_reader_win.cc(232)] ReadMemory at 0x77780000 of 64 bytes failed: Somente uma parte de um pedido ReadProcessMemory ou WriteProcessMemory foi concluída. (0x12B)
[0331/215616:WARNING:pe_image_reader.cc(280)] could not read dos header from C:\Windows\SYSTEM32\WINSPOOL.DRV
[0331/215616:WARNING:pe_image_reader.cc(280)] could not read dos header from C:\Windows\SYSTEM32\WTSAPI32.dll
[0331/215616:WARNING:pe_image_reader.cc(280)] could not read dos header from C:\Windows\SYSTEM32\CRYPT32.dll
[0331/215616:ERROR:process_reader_win.cc(232)] ReadMemory at 0x6c8e0000 of 64 bytes failed: Somente uma parte de um pedido ReadProcessMemory ou WriteProcessMemory foi concluída. (0x12B)
[0331/215616:ERROR:process_reader_win.cc(232)] ReadMemory at 0x75e70000 of 64 bytes failed: Somente uma parte de um pedido ReadProcessMemory ou WriteProcessMemory foi concluída. (0x12B)
[0331/215616:ERROR:process_reader_win.cc(232)] ReadMemory at 0x75620000 of 64 bytes failed: Somente uma parte de um pedido ReadProcessMemory ou WriteProcessMemory foi concluída. (0x12B)
[0331/215616:WARNING:pe_image_reader.cc(280)] could not read dos header from C:\Windows\WinSxS\x86_microsoft.windows.common-controls_6595b64144ccf1df_6.0.9600.17810_none_a9edf09f013934e0\COMCTL32.dll
[0331/215616:WARNING:pe_image_reader.cc(280)] could not read dos header from C:\Windows\SYSTEM32\WINTRUST.dll
[0331/215616:WARNING:pe_image_reader.cc(280)] could not read dos header from C:\Windows\SYSTEM32\SHLWAPI.dll
[0331/215616:ERROR:process_reader_win.cc(232)] ReadMemory at 0x77420000 of 64 bytes failed: Somente uma parte de um pedido ReadProcessMemory ou WriteProcessMemory foi concluída. (0x12B)
[0331/215616:ERROR:process_reader_win.cc(232)] ReadMemory at 0x74490000 of 64 bytes failed: Somente uma parte de um pedido ReadProcessMemory ou WriteProcessMemory foi concluída. (0x12B)
[0331/215616:WARNING:pe_image_reader.cc(280)] could not read dos header from C:\Windows\SYSTEM32\COMDLG32.dll
[0331/215616:ERROR:process_reader_win.cc(232)] ReadMemory at 0x75fd0000 of 64 bytes failed: Somente uma parte de um pedido ReadProcessMemory ou WriteProcessMemory foi concluída. (0x12B)
[0331/215616:WARNING:pe_image_reader.cc(280)] could not read dos header from C:\Windows\SYSTEM32\Secur32.dll
[0331/215616:WARNING:pe_image_reader.cc(280)] could not read dos header from C:\Windows\SYSTEM32\SHELL32.dll
[0331/215616:ERROR:process_reader_win.cc(232)] ReadMemory at 0x75b20000 of 64 bytes failed: Somente uma parte de um pedido ReadProcessMemory ou WriteProcessMemory foi concluída. (0x12B)
[0331/215616:ERROR:process_reader_win.cc(232)] ReadMemory at 0x5d1a0000 of 64 bytes failed: Somente uma parte de um pedido ReadProcessMemory ou WriteProcessMemory foi concluída. (0x12B)
[0331/215616:WARNING:pe_image_reader.cc(280)] could not read dos header from C:\Windows\SYSTEM32\ole32.dll
[0331/215616:WARNING:pe_image_reader.cc(280)] could not read dos header from C:\Program Files (x86)\Google\Chrome\Application\49.0.2623.110\chrome_child.dll
[0331/215616:ERROR:process_reader_win.cc(232)] ReadMemory at 0x72f00000 of 64 bytes failed: Somente uma parte de um pedido ReadProcessMemory ou WriteProcessMemory foi concluída. (0x12B)
[0331/215616:WARNING:pe_image_reader.cc(280)] could not read dos header from C:\Windows\SYSTEM32\shcore.dll
[0331/215616:ERROR:process_reader_win.cc(232)] ReadMemory at 0x776e0000 of 64 bytes failed: Somente uma parte de um pedido ReadProcessMemory ou WriteProcessMemory foi concluída. (0x12B)
[0331/215616:ERROR:process_reader_win.cc(232)] ReadMemory at 0x6b5a0000 of 64 bytes failed: Somente uma parte de um pedido ReadProcessMemory ou WriteProcessMemory foi concluída. (0x12B)
[0331/215616:WARNING:pe_image_reader.cc(280)] could not read dos header from C:\Windows\SYSTEM32\OLEAUT32.dll
[0331/215616:ERROR:process_reader_win.cc(232)] ReadMemory at 0x75820000 of 64 bytes failed: Somente uma parte de um pedido ReadProcessMemory ou WriteProcessMemory foi concluída. (0x12B)
[0331/215616:WARNING:pe_image_reader.cc(280)] could not read dos header from C:\Windows\SYSTEM32\dwrite.dll
[0331/215616:WARNING:pe_image_reader.cc(280)] could not read dos header from C:\Windows\SYSTEM32\PSAPI.DLL
[0331/215616:ERROR:process_reader_win.cc(232)] ReadMemory at 0x75ab0000 of 64 bytes failed: Somente uma parte de um pedido ReadProcessMemory ou WriteProcessMemory foi concluída. (0x12B)
[0331/215616:WARNING:pe_image_reader.cc(280)] could not read dos header from C:\Windows\SYSTEM32\NSI.dll
[0331/215616:ERROR:process_reader_win.cc(232)] ReadMemory at 0x73310000 of 64 bytes failed: Somente uma parte de um pedido ReadProcessMemory ou WriteProcessMemory foi concluída. (0x12B)
[0331/215616:ERROR:process_reader_win.cc(232)] ReadMemory at 0x725f0000 of 64 bytes failed: Somente uma parte de um pedido ReadProcessMemory ou WriteProcessMemory foi concluída. (0x12B)
[0331/215616:WARNING:pe_image_reader.cc(280)] could not read dos header from C:\Windows\SYSTEM32\WINSPOOL.DRV
[0331/215616:WARNING:pe_image_reader.cc(280)] could not read dos header from C:\Windows\SYSTEM32\WINNSI.DLL
[0331/215616:ERROR:process_reader_win.cc(232)] ReadMemory at 0x72600000 of 64 bytes failed: Somente uma parte de um pedido ReadProcessMemory ou WriteProcessMemory foi concluída. (0x12B)
[0331/215616:ERROR:process_reader_win.cc(232)] ReadMemory at 0x6c8e0000 of 64 bytes failed: Somente uma parte de um pedido ReadProcessMemory ou WriteProcessMemory foi concluída. (0x12B)
[0331/215616:WARNING:pe_image_reader.cc(280)] could not read dos header from C:\Windows\SYSTEM32\IPHLPAPI.DLL
[0331/215616:WARNING:pe_image_reader.cc(280)] could not read dos header from C:\Windows\WinSxS\x86_microsoft.windows.common-controls_6595b64144ccf1df_6.0.9600.17810_none_a9edf09f013934e0\COMCTL32.dll
[0331/215616:ERROR:process_reader_win.cc(232)] ReadMemory at 0x75830000 of 64 bytes failed: Somente uma parte de um pedido ReadProcessMemory ou WriteProcessMemory foi concluída. (0x12B)
[0331/215616:WARNING:pe_image_reader.cc(280)] could not read dos header from C:\Windows\SYSTEM32\WS2_32.dll
[0331/215616:ERROR:process_reader_win.cc(232)] ReadMemory at 0x77420000 of 64 bytes failed: Somente uma parte de um pedido ReadProcessMemory ou WriteProcessMemory foi concluída. (0x12B)
[0331/215616:ERROR:process_reader_win.cc(232)] ReadMemory at 0x6c6b0000 of 64 bytes failed: Somente uma parte de um pedido ReadProcessMemory ou WriteProcessMemory foi concluída. (0x12B)
[0331/215616:WARNING:pe_image_reader.cc(280)] could not read dos header from C:\Windows\SYSTEM32\COMDLG32.dll
[0331/215616:WARNING:pe_image_reader.cc(280)] could not read dos header from C:\Windows\SYSTEM32\USP10.dll
[0331/215616:ERROR:process_reader_win.cc(232)] ReadMemory at 0x75ec0000 of 64 bytes failed: Somente uma parte de um pedido ReadProcessMemory ou WriteProcessMemory foi concluída. (0x12B)
[0331/215616:ERROR:process_reader_win.cc(232)] ReadMemory at 0x75b20000 of 64 bytes failed: Somente uma parte de um pedido ReadProcessMemory ou WriteProcessMemory foi concluída. (0x12B)
[0331/215616:WARNING:pe_image_reader.cc(280)] could not read dos header from C:\Windows\SYSTEM32\MSASN1.dll
[0331/215616:WARNING:pe_image_reader.cc(280)] could not read dos header from C:\Windows\SYSTEM32\ole32.dll
[0331/215616:ERROR:process_reader_win.cc(232)] ReadMemory at 0x77780000 of 64 bytes failed: Somente uma parte de um pedido ReadProcessMemory ou WriteProcessMemory foi concluída. (0x12B)
[0331/215616:WARNING:pe_image_reader.cc(280)] could not read dos header from C:\Windows\SYSTEM32\CRYPT32.dll
[0331/215616:ERROR:process_reader_win.cc(232)] ReadMemory at 0x776e0000 of 64 bytes failed: Somente uma parte de um pedido ReadProcessMemory ou WriteProcessMemory foi concluída. (0x12B)
[0331/215616:WARNING:pe_image_reader.cc(280)] could not read dos header from C:\Windows\SYSTEM32\OLEAUT32.dll
[0331/215616:ERROR:process_reader_win.cc(232)] ReadMemory at 0x75620000 of 64 bytes failed: Somente uma parte de um pedido ReadProcessMemory ou WriteProcessMemory foi concluída. (0x12B)
[0331/215616:WARNING:pe_image_reader.cc(280)] could not read dos header from C:\Windows\SYSTEM32\WINTRUST.dll
[0331/215616:ERROR:process_reader_win.cc(232)] ReadMemory at 0x75ab0000 of 64 bytes failed: Somente uma parte de um pedido ReadProcessMemory ou WriteProcessMemory foi concluída. (0x12B)
[0331/215616:WARNING:pe_image_reader.cc(280)] could not read dos header from C:\Windows\SYSTEM32\NSI.dll
[0331/215616:ERROR:process_reader_win.cc(232)] ReadMemory at 0x74490000 of 64 bytes failed: Somente uma parte de um pedido ReadProcessMemory ou WriteProcessMemory foi concluída. (0x12B)
[0331/215616:WARNING:pe_image_reader.cc(280)] could not read dos header from C:\Windows\SYSTEM32\Secur32.dll
[0331/215616:ERROR:process_reader_win.cc(232)] ReadMemory at 0x725f0000 of 64 bytes failed: Somente uma parte de um pedido ReadProcessMemory ou WriteProcessMemory foi concluída. (0x12B)
[0331/215616:ERROR:process_reader_win.cc(232)] ReadMemory at 0x5d1a0000 of 64 bytes failed: Somente uma parte de um pedido ReadProcessMemory ou WriteProcessMemory foi concluída. (0x12B)
[0331/215616:WARNING:pe_image_reader.cc(280)] could not read dos header from C:\Windows\SYSTEM32\WINNSI.DLL
[0331/215616:WARNING:pe_image_reader.cc(280)] could not read dos header from C:\Program Files (x86)\Google\Chrome\Application\49.0.2623.110\chrome_child.dll
[0331/215616:ERROR:process_reader_win.cc(232)] ReadMemory at 0x72600000 of 64 bytes failed: Somente uma parte de um pedido ReadProcessMemory ou WriteProcessMemory foi concluída. (0x12B)
[0331/215616:ERROR:process_reader_win.cc(232)] ReadMemory at 0x6b5a0000 of 64 bytes failed: Somente uma parte de um pedido ReadProcessMemory ou WriteProcessMemory foi concluída. (0x12B)
[0331/215616:WARNING:pe_image_reader.cc(280)] could not read dos header from C:\Windows\SYSTEM32\IPHLPAPI.DLL
[0331/215616:WARNING:pe_image_reader.cc(280)] could not read dos header from C:\Windows\SYSTEM32\dwrite.dll
[0331/215616:ERROR:process_reader_win.cc(232)] ReadMemory at 0x75830000 of 64 bytes failed: Somente uma parte de um pedido ReadProcessMemory ou WriteProcessMemory foi concluída. (0x12B)
[0331/215616:WARNING:pe_image_reader.cc(280)] could not read dos header from C:\Windows\SYSTEM32\WS2_32.dll
[0331/215616:ERROR:process_reader_win.cc(232)] ReadMemory at 0x6c6b0000 of 64 bytes failed: Somente uma parte de um pedido ReadProcessMemory ou WriteProcessMemory foi concluída. (0x12B)
[0331/215616:WARNING:pe_image_reader.cc(280)] could not read dos header from C:\Windows\SYSTEM32\USP10.dll
[0331/215616:ERROR:process_reader_win.cc(232)] ReadMemory at 0x75ec0000 of 64 bytes failed: Somente uma parte de um pedido ReadProcessMemory ou WriteProcessMemory foi concluída. (0x12B)
[0331/215616:WARNING:pe_image_reader.cc(280)] could not read dos header from C:\Windows\SYSTEM32\MSASN1.dll
[0331/215616:ERROR:process_reader_win.cc(232)] ReadMemory at 0x77780000 of 64 bytes failed: Somente uma parte de um pedido ReadProcessMemory ou WriteProcessMemory foi concluída. (0x12B)
[0331/215616:WARNING:pe_image_reader.cc(280)] could not read dos header from C:\Windows\SYSTEM32\CRYPT32.dll
[0331/215616:ERROR:process_reader_win.cc(232)] ReadMemory at 0x75620000 of 64 bytes failed: Somente uma parte de um pedido ReadProcessMemory ou WriteProcessMemory foi concluída. (0x12B)
[0331/215616:WARNING:pe_image_reader.cc(280)] could not read dos header from C:\Windows\SYSTEM32\WINTRUST.dll
[0331/215616:ERROR:process_reader_win.cc(232)] ReadMemory at 0x74490000 of 64 bytes failed: Somente uma parte de um pedido ReadProcessMemory ou WriteProcessMemory foi concluída. (0x12B)
[0331/215616:WARNING:pe_image_reader.cc(280)] could not read dos header from C:\Windows\SYSTEM32\Secur32.dll
[0331/215616:ERROR:process_reader_win.cc(232)] ReadMemory at 0x5d1a0000 of 64 bytes failed: Somente uma parte de um pedido ReadProcessMemory ou WriteProcessMemory foi concluída. (0x12B)
[0331/215616:WARNING:pe_image_reader.cc(280)] could not read dos header from C:\Program Files (x86)\Google\Chrome\Application\49.0.2623.110\chrome_child.dll
[0331/215616:ERROR:process_reader_win.cc(232)] ReadMemory at 0x6b5a0000 of 64 bytes failed: Somente uma parte de um pedido ReadProcessMemory ou WriteProcessMemory foi concluída. (0x12B)
[0331/215616:WARNING:pe_image_reader.cc(280)] could not read dos header from C:\Windows\SYSTEM32\dwrite.dll
[0331/215616:ERROR:process_reader_win.cc(232)] ReadMemory at 0x637000 of 36864 bytes failed: Somente uma parte de um pedido ReadProcessMemory ou WriteProcessMemory foi concluída. (0x12B)
[0331/215616:ERROR:crash_report_exception_handler.cc(102)] WriteEverything failed
[0331/215616:ERROR:process_reader_win.cc(232)] ReadMemory at 0x4d6000 of 40960 bytes failed: Somente uma parte de um pedido ReadProcessMemory ou WriteProcessMemory foi concluída. (0x12B)
[0331/215616:ERROR:crash_report_exception_handler.cc(102)] WriteEverything failed
[0331/215616:ERROR:process_reader_win.cc(232)] ReadMemory at 0x6d6000 of 40960 bytes failed: Somente uma parte de um pedido ReadProcessMemory ou WriteProcessMemory foi concluída. (0x12B)
[0331/215616:ERROR:crash_report_exception_handler.cc(102)] WriteEverything failed
[0331/215617:ERROR:scoped_process_suspend.cc(38)] NtResumeProcess, ntstatus=-1073741558
[0331/215617:ERROR:scoped_process_suspend.cc(38)] NtResumeProcess, ntstatus=-1073741558
[0331/215617:ERROR:scoped_process_suspend.cc(38)] NtResumeProcess, ntstatus=-1073741558
